Loaded model FullBodyModel_MuscleActuatedLowerLimb_TorqueActuatedUpperBody from file C:\Users\SeriouslyJapan\Desktop\OpenSim-master\FullBodyModel\SubjectMoved.osim
Storage: file=C:\Users\SeriouslyJapan\Desktop\OpenSim-master\MOT\Walk_Mkrs.mot (nr=542 nc=40)
               MODEL: FullBodyModel_MuscleActuatedLowerLimb_TorqueActuatedUpperBody
         coordinates: 39
              forces: 97
           actuators: 97
             muscles: 80
            analyses: 0
              probes: 0
              bodies: 23
              joints: 22
         constraints: 2
             markers: 34
         controllers: 0
  contact geometries: 0
misc modelcomponents: 0
Running tool Walk_Mkrs.

Storage: file=C:\Users\SeriouslyJapan\Desktop\OpenSim-master\MOT\Walk_Mkrs.mot (nr=542 nc=40)
Storage: file=C:\Users\SeriouslyJapan\Desktop\OpenSim-master\PFF_MOT\walk1.mot (nr=5420 nc=8)
ExternalForce::Force
Data source being set to Coordinates
InverseDynamicsTool: 542 time frames in 0.528s

Loaded model FullBodyModel_MuscleActuatedLowerLimb_TorqueActuatedUpperBody from file D:\Google Drive\Share to the world\GitHub\OpenSim\FullBodyModel\SubjectMoved.osim
Loaded model FullBodyModel_MuscleActuatedLowerLimb_TorqueActuatedUpperBody from file D:\Google Drive\Share to the world\GitHub\OpenSim\FullBodyModel\SubjectMoved.osim
Loaded model FullBodyModel_MuscleActuatedLowerLimb_TorqueActuatedUpperBody from file FullBodyModel\SubjectMoved.osim
Loaded marker file TRC\Walk_Mkrs.trc (34 markers, 542 frames)
               MODEL: FullBodyModel_MuscleActuatedLowerLimb_TorqueActuatedUpperBody
         coordinates: 39
              forces: 97
           actuators: 97
             muscles: 80
            analyses: 0
              probes: 0
              bodies: 23
              joints: 22
         constraints: 2
             markers: 34
         controllers: 0
  contact geometries: 0
misc modelcomponents: 0
Running tool Walk_Mkrs.trc.
Loaded marker file TRC\Walk_Mkrs.trc (34 markers, 542 frames)
Frame 0 (t=0):	total squared error = 0.0156195, marker error: RMS=0.0214335, max=0.119956 (CLAV)
Frame 1 (t=0.01):	total squared error = 0.015624, marker error: RMS=0.0214366, max=0.119965 (CLAV)
Frame 2 (t=0.02):	total squared error = 0.0156291, marker error: RMS=0.0214401, max=0.119969 (CLAV)
Frame 3 (t=0.03):	total squared error = 0.0156361, marker error: RMS=0.0214449, max=0.119973 (CLAV)
Frame 4 (t=0.04):	total squared error = 0.0156378, marker error: RMS=0.0214461, max=0.119978 (CLAV)
Frame 5 (t=0.05):	total squared error = 0.0156422, marker error: RMS=0.0214491, max=0.119994 (CLAV)
Frame 6 (t=0.06):	total squared error = 0.0156382, marker error: RMS=0.0214464, max=0.12005 (CLAV)
Frame 7 (t=0.07):	total squared error = 0.0156417, marker error: RMS=0.0214488, max=0.120024 (CLAV)
Frame 8 (t=0.08):	total squared error = 0.0156433, marker error: RMS=0.0214499, max=0.120032 (CLAV)
Frame 9 (t=0.09):	total squared error = 0.0156468, marker error: RMS=0.0214523, max=0.120026 (CLAV)
Frame 10 (t=0.1):	total squared error = 0.0156473, marker error: RMS=0.0214526, max=0.120005 (CLAV)
Frame 11 (t=0.11):	total squared error = 0.0156495, marker error: RMS=0.0214541, max=0.12002 (CLAV)
Frame 12 (t=0.12):	total squared error = 0.0156446, marker error: RMS=0.0214507, max=0.120082 (CLAV)
Frame 13 (t=0.13):	total squared error = 0.0156462, marker error: RMS=0.0214518, max=0.120042 (CLAV)
Frame 14 (t=0.14):	total squared error = 0.0156436, marker error: RMS=0.0214501, max=0.120072 (CLAV)
Frame 15 (t=0.15):	total squared error = 0.0156442, marker error: RMS=0.0214505, max=0.120026 (CLAV)
Frame 16 (t=0.16):	total squared error = 0.0156446, marker error: RMS=0.0214508, max=0.120011 (CLAV)
Frame 17 (t=0.17):	total squared error = 0.0156437, marker error: RMS=0.0214502, max=0.120002 (CLAV)
Frame 18 (t=0.18):	total squared error = 0.0156399, marker error: RMS=0.0214476, max=0.119977 (CLAV)
Frame 19 (t=0.19):	total squared error = 0.0156403, marker error: RMS=0.0214478, max=0.119967 (CLAV)
Frame 20 (t=0.2):	total squared error = 0.0156412, marker error: RMS=0.0214485, max=0.119953 (CLAV)
Frame 21 (t=0.21):	total squared error = 0.0156433, marker error: RMS=0.0214499, max=0.119978 (CLAV)
Frame 22 (t=0.22):	total squared error = 0.0156617, marker error: RMS=0.0214625, max=0.120102 (CLAV)
Frame 23 (t=0.23):	total squared error = 0.0156408, marker error: RMS=0.0214482, max=0.120055 (CLAV)
Frame 24 (t=0.24):	total squared error = 0.0156588, marker error: RMS=0.0214605, max=0.120147 (CLAV)
Frame 25 (t=0.25):	total squared error = 0.0156543, marker error: RMS=0.0214574, max=0.120024 (CLAV)
Frame 26 (t=0.26):	total squared error = 0.0156573, marker error: RMS=0.0214595, max=0.120045 (CLAV)
Frame 27 (t=0.27):	total squared error = 0.0156639, marker error: RMS=0.021464, max=0.120057 (CLAV)
Frame 28 (t=0.28):	total squared error = 0.0156612, marker error: RMS=0.0214621, max=0.12008 (CLAV)
Frame 29 (t=0.29):	total squared error = 0.0156695, marker error: RMS=0.0214678, max=0.120159 (CLAV)
Frame 30 (t=0.3):	total squared error = 0.0156719, marker error: RMS=0.0214695, max=0.120106 (CLAV)
Frame 31 (t=0.31):	total squared error = 0.0156551, marker error: RMS=0.0214579, max=0.120098 (CLAV)
Frame 32 (t=0.32):	total squared error = 0.0156588, marker error: RMS=0.0214605, max=0.12007 (CLAV)
Frame 33 (t=0.33):	total squared error = 0.0156591, marker error: RMS=0.0214607, max=0.120098 (CLAV)
Frame 34 (t=0.34):	total squared error = 0.0156575, marker error: RMS=0.0214596, max=0.120063 (CLAV)
Frame 35 (t=0.35):	total squared error = 0.0156616, marker error: RMS=0.0214624, max=0.120136 (CLAV)
Frame 36 (t=0.36):	total squared error = 0.0156612, marker error: RMS=0.0214621, max=0.120049 (CLAV)
Frame 37 (t=0.37):	total squared error = 0.0156665, marker error: RMS=0.0214658, max=0.120095 (CLAV)
Frame 38 (t=0.38):	total squared error = 0.0156684, marker error: RMS=0.0214671, max=0.120067 (CLAV)
Frame 39 (t=0.39):	total squared error = 0.0156773, marker error: RMS=0.0214731, max=0.120171 (CLAV)
Frame 40 (t=0.4):	total squared error = 0.0156782, marker error: RMS=0.0214738, max=0.120089 (CLAV)
Frame 41 (t=0.41):	total squared error = 0.0156742, marker error: RMS=0.021471, max=0.120158 (CLAV)
Frame 42 (t=0.42):	total squared error = 0.0156829, marker error: RMS=0.021477, max=0.120287 (CLAV)
Frame 43 (t=0.43):	total squared error = 0.0156822, marker error: RMS=0.0214765, max=0.120174 (CLAV)
Frame 44 (t=0.44):	total squared error = 0.0156877, marker error: RMS=0.0214803, max=0.120229 (CLAV)
Frame 45 (t=0.45):	total squared error = 0.0156884, marker error: RMS=0.0214808, max=0.120202 (CLAV)
Frame 46 (t=0.46):	total squared error = 0.0156909, marker error: RMS=0.0214825, max=0.120183 (CLAV)
Frame 47 (t=0.47):	total squared error = 0.0156914, marker error: RMS=0.0214828, max=0.120129 (CLAV)
Frame 48 (t=0.48):	total squared error = 0.0157047, marker error: RMS=0.0214919, max=0.120292 (CLAV)
Frame 49 (t=0.49):	total squared error = 0.0156945, marker error: RMS=0.021485, max=0.120205 (CLAV)
Frame 50 (t=0.5):	total squared error = 0.0156963, marker error: RMS=0.0214862, max=0.120295 (CLAV)
Frame 51 (t=0.51):	total squared error = 0.0156984, marker error: RMS=0.0214876, max=0.120304 (CLAV)
Frame 52 (t=0.52):	total squared error = 0.0156962, marker error: RMS=0.0214861, max=0.120193 (CLAV)
Frame 53 (t=0.53):	total squared error = 0.0157013, marker error: RMS=0.0214896, max=0.120312 (CLAV)
Frame 54 (t=0.54):	total squared error = 0.0157033, marker error: RMS=0.021491, max=0.120302 (CLAV)
Frame 55 (t=0.55):	total squared error = 0.0157028, marker error: RMS=0.0214906, max=0.120301 (CLAV)
Frame 56 (t=0.56):	total squared error = 0.0157045, marker error: RMS=0.0214918, max=0.120329 (CLAV)
Frame 57 (t=0.57):	total squared error = 0.0157051, marker error: RMS=0.0214922, max=0.120354 (CLAV)
Frame 58 (t=0.58):	total squared error = 0.0156952, marker error: RMS=0.0214854, max=0.120199 (CLAV)
Frame 59 (t=0.59):	total squared error = 0.0156951, marker error: RMS=0.0214854, max=0.120267 (CLAV)
Frame 60 (t=0.6):	total squared error = 0.0156988, marker error: RMS=0.0214879, max=0.120358 (CLAV)
Frame 61 (t=0.61):	total squared error = 0.01569, marker error: RMS=0.0214818, max=0.120224 (CLAV)
Frame 62 (t=0.62):	total squared error = 0.0156909, marker error: RMS=0.0214825, max=0.120229 (CLAV)
Frame 63 (t=0.63):	total squared error = 0.0156955, marker error: RMS=0.0214856, max=0.120324 (CLAV)
Frame 64 (t=0.64):	total squared error = 0.0157017, marker error: RMS=0.0214899, max=0.120374 (CLAV)
Frame 65 (t=0.65):	total squared error = 0.0157009, marker error: RMS=0.0214893, max=0.120274 (CLAV)
Frame 66 (t=0.66):	total squared error = 0.0157072, marker error: RMS=0.0214936, max=0.120379 (CLAV)
Frame 67 (t=0.67):	total squared error = 0.0157145, marker error: RMS=0.0214986, max=0.120535 (CLAV)
Frame 68 (t=0.68):	total squared error = 0.0157178, marker error: RMS=0.0215009, max=0.120475 (CLAV)
Frame 69 (t=0.69):	total squared error = 0.0157204, marker error: RMS=0.0215027, max=0.120606 (CLAV)
Frame 70 (t=0.7):	total squared error = 0.0157004, marker error: RMS=0.021489, max=0.120259 (CLAV)
Frame 71 (t=0.71):	total squared error = 0.0157043, marker error: RMS=0.0214916, max=0.120377 (CLAV)
Frame 72 (t=0.72):	total squared error = 0.0156954, marker error: RMS=0.0214856, max=0.120244 (CLAV)
Frame 73 (t=0.73):	total squared error = 0.0157008, marker error: RMS=0.0214893, max=0.120364 (CLAV)
Frame 74 (t=0.74):	total squared error = 0.0156971, marker error: RMS=0.0214868, max=0.12023 (CLAV)
Frame 75 (t=0.75):	total squared error = 0.0157036, marker error: RMS=0.0214912, max=0.120325 (CLAV)
Frame 76 (t=0.76):	total squared error = 0.0157052, marker error: RMS=0.0214922, max=0.120279 (CLAV)
Frame 77 (t=0.77):	total squared error = 0.0157156, marker error: RMS=0.0214994, max=0.120366 (CLAV)
Frame 78 (t=0.78):	total squared error = 0.0157269, marker error: RMS=0.0215071, max=0.120451 (CLAV)
Frame 79 (t=0.79):	total squared error = 0.0157401, marker error: RMS=0.0215161, max=0.120515 (CLAV)
Frame 80 (t=0.8):	total squared error = 0.015745, marker error: RMS=0.0215195, max=0.120423 (CLAV)
Frame 81 (t=0.81):	total squared error = 0.015758, marker error: RMS=0.0215284, max=0.12058 (CLAV)
Frame 82 (t=0.82):	total squared error = 0.0157683, marker error: RMS=0.0215354, max=0.120632 (CLAV)
Frame 83 (t=0.83):	total squared error = 0.0157704, marker error: RMS=0.0215368, max=0.120513 (CLAV)
Frame 84 (t=0.84):	total squared error = 0.0157775, marker error: RMS=0.0215417, max=0.120598 (CLAV)
Frame 85 (t=0.85):	total squared error = 0.0157764, marker error: RMS=0.021541, max=0.120538 (CLAV)
Frame 86 (t=0.86):	total squared error = 0.0157804, marker error: RMS=0.0215437, max=0.12056 (CLAV)
Frame 87 (t=0.87):	total squared error = 0.0157846, marker error: RMS=0.0215465, max=0.12057 (CLAV)
Frame 88 (t=0.88):	total squared error = 0.0157887, marker error: RMS=0.0215493, max=0.120601 (CLAV)
Frame 89 (t=0.89):	total squared error = 0.0157926, marker error: RMS=0.021552, max=0.120595 (CLAV)
Frame 90 (t=0.9):	total squared error = 0.0157971, marker error: RMS=0.0215551, max=0.120616 (CLAV)
Frame 91 (t=0.91):	total squared error = 0.0158013, marker error: RMS=0.021558, max=0.120615 (CLAV)
Frame 92 (t=0.92):	total squared error = 0.015806, marker error: RMS=0.0215611, max=0.120616 (CLAV)
Frame 93 (t=0.93):	total squared error = 0.0158085, marker error: RMS=0.0215629, max=0.120624 (CLAV)
Frame 94 (t=0.94):	total squared error = 0.015811, marker error: RMS=0.0215646, max=0.12064 (CLAV)
Frame 95 (t=0.95):	total squared error = 0.0158138, marker error: RMS=0.0215664, max=0.120657 (CLAV)
Frame 96 (t=0.96):	total squared error = 0.0158123, marker error: RMS=0.0215654, max=0.120654 (CLAV)
Frame 97 (t=0.97):	total squared error = 0.0158249, marker error: RMS=0.021574, max=0.120802 (CLAV)
Frame 98 (t=0.98):	total squared error = 0.0158201, marker error: RMS=0.0215708, max=0.120718 (CLAV)
Frame 99 (t=0.99):	total squared error = 0.0158037, marker error: RMS=0.0215595, max=0.120591 (CLAV)
Frame 100 (t=1):	total squared error = 0.0158058, marker error: RMS=0.021561, max=0.120628 (CLAV)
Frame 101 (t=1.01):	total squared error = 0.0158067, marker error: RMS=0.0215616, max=0.120592 (CLAV)
Frame 102 (t=1.02):	total squared error = 0.0158021, marker error: RMS=0.0215585, max=0.120537 (CLAV)
Frame 103 (t=1.03):	total squared error = 0.0158106, marker error: RMS=0.0215643, max=0.12059 (CLAV)
Frame 104 (t=1.04):	total squared error = 0.0158117, marker error: RMS=0.021565, max=0.120539 (CLAV)
Frame 105 (t=1.05):	total squared error = 0.0157996, marker error: RMS=0.0215568, max=0.120625 (CLAV)
Frame 106 (t=1.06):	total squared error = 0.0158046, marker error: RMS=0.0215602, max=0.120611 (CLAV)
Frame 107 (t=1.07):	total squared error = 0.0158052, marker error: RMS=0.0215606, max=0.120613 (CLAV)
Frame 108 (t=1.08):	total squared error = 0.0158099, marker error: RMS=0.0215638, max=0.1207 (CLAV)
Frame 109 (t=1.09):	total squared error = 0.0158095, marker error: RMS=0.0215635, max=0.120611 (CLAV)
Frame 110 (t=1.1):	total squared error = 0.0158131, marker error: RMS=0.021566, max=0.120642 (CLAV)
Frame 111 (t=1.11):	total squared error = 0.0158165, marker error: RMS=0.0215683, max=0.120671 (CLAV)
Frame 112 (t=1.12):	total squared error = 0.0158171, marker error: RMS=0.0215687, max=0.120694 (CLAV)
Frame 113 (t=1.13):	total squared error = 0.0158259, marker error: RMS=0.0215747, max=0.120717 (CLAV)
Frame 114 (t=1.14):	total squared error = 0.0158167, marker error: RMS=0.0215684, max=0.120669 (CLAV)
Frame 115 (t=1.15):	total squared error = 0.0158257, marker error: RMS=0.0215746, max=0.120736 (CLAV)
Frame 116 (t=1.16):	total squared error = 0.0158212, marker error: RMS=0.0215715, max=0.120598 (CLAV)
Frame 117 (t=1.17):	total squared error = 0.0158175, marker error: RMS=0.021569, max=0.120667 (CLAV)
Frame 118 (t=1.18):	total squared error = 0.0158358, marker error: RMS=0.0215814, max=0.120758 (CLAV)
Frame 119 (t=1.19):	total squared error = 0.0158213, marker error: RMS=0.0215715, max=0.120652 (CLAV)
Frame 120 (t=1.2):	total squared error = 0.0158299, marker error: RMS=0.0215774, max=0.120616 (CLAV)
Frame 121 (t=1.21):	total squared error = 0.0158295, marker error: RMS=0.0215771, max=0.120676 (CLAV)
Frame 122 (t=1.22):	total squared error = 0.0158358, marker error: RMS=0.0215815, max=0.120632 (CLAV)
Frame 123 (t=1.23):	total squared error = 0.0158443, marker error: RMS=0.0215872, max=0.120612 (CLAV)
Frame 124 (t=1.24):	total squared error = 0.0158469, marker error: RMS=0.021589, max=0.120652 (CLAV)
Frame 125 (t=1.25):	total squared error = 0.01586, marker error: RMS=0.0215979, max=0.120691 (CLAV)
Frame 126 (t=1.26):	total squared error = 0.0158594, marker error: RMS=0.0215975, max=0.12065 (CLAV)
Frame 127 (t=1.27):	total squared error = 0.0158572, marker error: RMS=0.021596, max=0.120708 (CLAV)
Frame 128 (t=1.28):	total squared error = 0.0158739, marker error: RMS=0.0216074, max=0.120746 (CLAV)
Frame 129 (t=1.29):	total squared error = 0.0158752, marker error: RMS=0.0216083, max=0.12067 (CLAV)
Frame 130 (t=1.3):	total squared error = 0.0158771, marker error: RMS=0.0216096, max=0.120747 (CLAV)
Frame 131 (t=1.31):	total squared error = 0.0158918, marker error: RMS=0.0216195, max=0.120728 (CLAV)
Frame 132 (t=1.32):	total squared error = 0.0159073, marker error: RMS=0.0216301, max=0.120722 (CLAV)
Frame 133 (t=1.33):	total squared error = 0.0159192, marker error: RMS=0.0216382, max=0.120762 (CLAV)
Frame 134 (t=1.34):	total squared error = 0.0159431, marker error: RMS=0.0216544, max=0.120848 (CLAV)
Frame 135 (t=1.35):	total squared error = 0.0159457, marker error: RMS=0.0216562, max=0.120865 (CLAV)
Frame 136 (t=1.36):	total squared error = 0.0159646, marker error: RMS=0.021669, max=0.120878 (CLAV)
Frame 137 (t=1.37):	total squared error = 0.0159845, marker error: RMS=0.0216825, max=0.120913 (CLAV)
Frame 138 (t=1.38):	total squared error = 0.0160087, marker error: RMS=0.0216989, max=0.120955 (CLAV)
Frame 139 (t=1.39):	total squared error = 0.0160296, marker error: RMS=0.0217131, max=0.120956 (CLAV)
Frame 140 (t=1.4):	total squared error = 0.0160644, marker error: RMS=0.0217367, max=0.121134 (CLAV)
Frame 141 (t=1.41):	total squared error = 0.0160916, marker error: RMS=0.021755, max=0.121025 (CLAV)
Frame 142 (t=1.42):	total squared error = 0.0161313, marker error: RMS=0.0217818, max=0.12107 (CLAV)
Frame 143 (t=1.43):	total squared error = 0.0161763, marker error: RMS=0.0218122, max=0.121076 (CLAV)
Frame 144 (t=1.44):	total squared error = 0.0162334, marker error: RMS=0.0218507, max=0.121115 (CLAV)
Frame 145 (t=1.45):	total squared error = 0.0163012, marker error: RMS=0.0218963, max=0.12114 (CLAV)
Frame 146 (t=1.46):	total squared error = 0.016384, marker error: RMS=0.0219518, max=0.121168 (CLAV)
Frame 147 (t=1.47):	total squared error = 0.0164822, marker error: RMS=0.0220175, max=0.121221 (CLAV)
Frame 148 (t=1.48):	total squared error = 0.0165958, marker error: RMS=0.0220933, max=0.121293 (CLAV)
Frame 149 (t=1.49):	total squared error = 0.0167241, marker error: RMS=0.0221785, max=0.121355 (CLAV)
Frame 150 (t=1.5):	total squared error = 0.0168679, marker error: RMS=0.0222736, max=0.121429 (CLAV)
Frame 151 (t=1.51):	total squared error = 0.01702, marker error: RMS=0.0223739, max=0.121435 (CLAV)
Frame 152 (t=1.52):	total squared error = 0.017185, marker error: RMS=0.022482, max=0.121495 (CLAV)
Frame 153 (t=1.53):	total squared error = 0.0173502, marker error: RMS=0.0225898, max=0.121561 (CLAV)
Frame 154 (t=1.54):	total squared error = 0.017532, marker error: RMS=0.0227078, max=0.1215 (CLAV)
Frame 155 (t=1.55):	total squared error = 0.0177225, marker error: RMS=0.0228309, max=0.121576 (CLAV)
Frame 156 (t=1.56):	total squared error = 0.0179351, marker error: RMS=0.0229675, max=0.121606 (CLAV)
Frame 157 (t=1.57):	total squared error = 0.0181776, marker error: RMS=0.0231222, max=0.121522 (CLAV)
Frame 158 (t=1.58):	total squared error = 0.0184441, marker error: RMS=0.023291, max=0.121636 (CLAV)
Frame 159 (t=1.59):	total squared error = 0.0187392, marker error: RMS=0.0234766, max=0.121614 (CLAV)
Frame 160 (t=1.6):	total squared error = 0.0190797, marker error: RMS=0.023689, max=0.121512 (CLAV)
Frame 161 (t=1.61):	total squared error = 0.0194425, marker error: RMS=0.0239132, max=0.121507 (CLAV)
Frame 162 (t=1.62):	total squared error = 0.0198067, marker error: RMS=0.0241361, max=0.121663 (CLAV)
Frame 163 (t=1.63):	total squared error = 0.0201857, marker error: RMS=0.0243659, max=0.121684 (CLAV)
Frame 164 (t=1.64):	total squared error = 0.0205611, marker error: RMS=0.0245915, max=0.121539 (CLAV)
Frame 165 (t=1.65):	total squared error = 0.0209072, marker error: RMS=0.0247976, max=0.121592 (CLAV)
Frame 166 (t=1.66):	total squared error = 0.0212211, marker error: RMS=0.024983, max=0.121488 (CLAV)
Frame 167 (t=1.67):	total squared error = 0.021484, marker error: RMS=0.0251373, max=0.121401 (CLAV)
Frame 168 (t=1.68):	total squared error = 0.0216819, marker error: RMS=0.0252528, max=0.12119 (CLAV)
Frame 169 (t=1.69):	total squared error = 0.0218026, marker error: RMS=0.0253229, max=0.120983 (CLAV)
Frame 170 (t=1.7):	total squared error = 0.0218477, marker error: RMS=0.0253491, max=0.120992 (CLAV)
Frame 171 (t=1.71):	total squared error = 0.0218321, marker error: RMS=0.0253401, max=0.120738 (CLAV)
Frame 172 (t=1.72):	total squared error = 0.0217723, marker error: RMS=0.0253054, max=0.120522 (CLAV)
Frame 173 (t=1.73):	total squared error = 0.0216991, marker error: RMS=0.0252628, max=0.120124 (CLAV)
Frame 174 (t=1.74):	total squared error = 0.0215989, marker error: RMS=0.0252044, max=0.120246 (CLAV)
Frame 175 (t=1.75):	total squared error = 0.0215243, marker error: RMS=0.0251608, max=0.120012 (CLAV)
Frame 176 (t=1.76):	total squared error = 0.021466, marker error: RMS=0.0251267, max=0.119848 (CLAV)
Frame 177 (t=1.77):	total squared error = 0.021436, marker error: RMS=0.0251092, max=0.119783 (CLAV)
Frame 178 (t=1.78):	total squared error = 0.0213734, marker error: RMS=0.0250725, max=0.119453 (CLAV)
Frame 179 (t=1.79):	total squared error = 0.0213562, marker error: RMS=0.0250624, max=0.119282 (CLAV)
Frame 180 (t=1.8):	total squared error = 0.0213358, marker error: RMS=0.0250504, max=0.119056 (CLAV)
Frame 181 (t=1.81):	total squared error = 0.0213217, marker error: RMS=0.0250421, max=0.118923 (CLAV)
Frame 182 (t=1.82):	total squared error = 0.0212781, marker error: RMS=0.0250165, max=0.118657 (CLAV)
Frame 183 (t=1.83):	total squared error = 0.0212189, marker error: RMS=0.0249817, max=0.118537 (CLAV)
Frame 184 (t=1.84):	total squared error = 0.0211169, marker error: RMS=0.0249216, max=0.118213 (CLAV)
Frame 185 (t=1.85):	total squared error = 0.0209827, marker error: RMS=0.0248423, max=0.117967 (CLAV)
Frame 186 (t=1.86):	total squared error = 0.0208234, marker error: RMS=0.0247478, max=0.117852 (CLAV)
Frame 187 (t=1.87):	total squared error = 0.0206335, marker error: RMS=0.0246347, max=0.117494 (CLAV)
Frame 188 (t=1.88):	total squared error = 0.0204359, marker error: RMS=0.0245164, max=0.117395 (CLAV)
Frame 189 (t=1.89):	total squared error = 0.0202244, marker error: RMS=0.0243892, max=0.117003 (CLAV)
Frame 190 (t=1.9):	total squared error = 0.0200251, marker error: RMS=0.0242687, max=0.116854 (CLAV)
Frame 191 (t=1.91):	total squared error = 0.0198385, marker error: RMS=0.0241555, max=0.116673 (CLAV)
Frame 192 (t=1.92):	total squared error = 0.0196797, marker error: RMS=0.0240586, max=0.116655 (CLAV)
Frame 193 (t=1.93):	total squared error = 0.0195476, marker error: RMS=0.0239777, max=0.116584 (CLAV)
Frame 194 (t=1.94):	total squared error = 0.0194413, marker error: RMS=0.0239124, max=0.116329 (CLAV)
Frame 195 (t=1.95):	total squared error = 0.0193777, marker error: RMS=0.0238733, max=0.116318 (CLAV)
Frame 196 (t=1.96):	total squared error = 0.0193374, marker error: RMS=0.0238484, max=0.116191 (CLAV)
Frame 197 (t=1.97):	total squared error = 0.0193233, marker error: RMS=0.0238397, max=0.116149 (CLAV)
Frame 198 (t=1.98):	total squared error = 0.0193281, marker error: RMS=0.0238427, max=0.116127 (CLAV)
Frame 199 (t=1.99):	total squared error = 0.0193364, marker error: RMS=0.0238478, max=0.11606 (CLAV)
Frame 200 (t=2):	total squared error = 0.0193496, marker error: RMS=0.023856, max=0.116037 (CLAV)
Frame 201 (t=2.01):	total squared error = 0.0193521, marker error: RMS=0.0238575, max=0.115981 (CLAV)
Frame 202 (t=2.02):	total squared error = 0.0193571, marker error: RMS=0.0238605, max=0.115882 (CLAV)
Frame 203 (t=2.03):	total squared error = 0.0193512, marker error: RMS=0.0238569, max=0.115812 (CLAV)
Frame 204 (t=2.04):	total squared error = 0.0193394, marker error: RMS=0.0238496, max=0.115666 (CLAV)
Frame 205 (t=2.05):	total squared error = 0.0193114, marker error: RMS=0.0238324, max=0.115625 (CLAV)
Frame 206 (t=2.06):	total squared error = 0.0192726, marker error: RMS=0.0238084, max=0.115486 (CLAV)
Frame 207 (t=2.07):	total squared error = 0.0192275, marker error: RMS=0.0237806, max=0.115373 (CLAV)
Frame 208 (t=2.08):	total squared error = 0.0191831, marker error: RMS=0.0237531, max=0.115319 (CLAV)
Frame 209 (t=2.09):	total squared error = 0.0191406, marker error: RMS=0.0237267, max=0.115216 (CLAV)
Frame 210 (t=2.1):	total squared error = 0.0191243, marker error: RMS=0.0237167, max=0.115276 (CLAV)
Frame 211 (t=2.11):	total squared error = 0.0191285, marker error: RMS=0.0237192, max=0.1153 (CLAV)
Frame 212 (t=2.12):	total squared error = 0.0191711, marker error: RMS=0.0237457, max=0.11551 (CLAV)
Frame 213 (t=2.13):	total squared error = 0.0192439, marker error: RMS=0.0237907, max=0.115708 (CLAV)
Frame 214 (t=2.14):	total squared error = 0.0193232, marker error: RMS=0.0238396, max=0.115937 (CLAV)
Frame 215 (t=2.15):	total squared error = 0.0194209, marker error: RMS=0.0238999, max=0.116301 (CLAV)
Frame 216 (t=2.16):	total squared error = 0.0195247, marker error: RMS=0.0239636, max=0.116807 (CLAV)
Frame 217 (t=2.17):	total squared error = 0.0196015, marker error: RMS=0.0240107, max=0.117145 (CLAV)
Frame 218 (t=2.18):	total squared error = 0.019676, marker error: RMS=0.0240563, max=0.117647 (CLAV)
Frame 219 (t=2.19):	total squared error = 0.0197348, marker error: RMS=0.0240922, max=0.118281 (CLAV)
Frame 220 (t=2.2):	total squared error = 0.0197777, marker error: RMS=0.0241184, max=0.118745 (CLAV)
Frame 221 (t=2.21):	total squared error = 0.0198239, marker error: RMS=0.0241466, max=0.119513 (CLAV)
Frame 222 (t=2.22):	total squared error = 0.0198596, marker error: RMS=0.0241683, max=0.119862 (CLAV)
Frame 223 (t=2.23):	total squared error = 0.0199143, marker error: RMS=0.0242016, max=0.120454 (CLAV)
Frame 224 (t=2.24):	total squared error = 0.0200092, marker error: RMS=0.0242591, max=0.121151 (CLAV)
Frame 225 (t=2.25):	total squared error = 0.0201161, marker error: RMS=0.0243239, max=0.121441 (CLAV)
Frame 226 (t=2.26):	total squared error = 0.0202626, marker error: RMS=0.0244123, max=0.121885 (CLAV)
Frame 227 (t=2.27):	total squared error = 0.0204624, marker error: RMS=0.0245323, max=0.122363 (CLAV)
Frame 228 (t=2.28):	total squared error = 0.0206886, marker error: RMS=0.0246676, max=0.122658 (CLAV)
Frame 229 (t=2.29):	total squared error = 0.0209583, marker error: RMS=0.0248278, max=0.123005 (CLAV)
Frame 230 (t=2.3):	total squared error = 0.021257, marker error: RMS=0.0250041, max=0.123308 (CLAV)
Frame 231 (t=2.31):	total squared error = 0.0215891, marker error: RMS=0.0251987, max=0.123579 (CLAV)
Frame 232 (t=2.32):	total squared error = 0.0219555, marker error: RMS=0.0254116, max=0.1237 (CLAV)
Frame 233 (t=2.33):	total squared error = 0.0222951, marker error: RMS=0.0256074, max=0.123986 (CLAV)
Frame 234 (t=2.34):	total squared error = 0.0226556, marker error: RMS=0.0258136, max=0.124009 (CLAV)
Frame 235 (t=2.35):	total squared error = 0.0229963, marker error: RMS=0.026007, max=0.124031 (CLAV)
Frame 236 (t=2.36):	total squared error = 0.0232633, marker error: RMS=0.0261575, max=0.124166 (CLAV)
Frame 237 (t=2.37):	total squared error = 0.0234952, marker error: RMS=0.0262875, max=0.12406 (CLAV)
Frame 238 (t=2.38):	total squared error = 0.023647, marker error: RMS=0.0263723, max=0.124004 (CLAV)
Frame 239 (t=2.39):	total squared error = 0.0237283, marker error: RMS=0.0264176, max=0.123785 (CLAV)
Frame 240 (t=2.4):	total squared error = 0.0237163, marker error: RMS=0.0264109, max=0.123772 (CLAV)
Frame 241 (t=2.41):	total squared error = 0.0236448, marker error: RMS=0.0263711, max=0.12347 (CLAV)
Frame 242 (t=2.42):	total squared error = 0.0235198, marker error: RMS=0.0263013, max=0.123294 (CLAV)
Frame 243 (t=2.43):	total squared error = 0.0233588, marker error: RMS=0.0262111, max=0.123013 (CLAV)
Frame 244 (t=2.44):	total squared error = 0.0231407, marker error: RMS=0.0260885, max=0.122657 (CLAV)
Frame 245 (t=2.45):	total squared error = 0.022956, marker error: RMS=0.0259841, max=0.122365 (CLAV)
Frame 246 (t=2.46):	total squared error = 0.0227852, marker error: RMS=0.0258873, max=0.121982 (CLAV)
Frame 247 (t=2.47):	total squared error = 0.0226366, marker error: RMS=0.0258028, max=0.121742 (CLAV)
Frame 248 (t=2.48):	total squared error = 0.0225137, marker error: RMS=0.0257326, max=0.121378 (CLAV)
Frame 249 (t=2.49):	total squared error = 0.0224124, marker error: RMS=0.0256746, max=0.121055 (CLAV)
Frame 250 (t=2.5):	total squared error = 0.0223401, marker error: RMS=0.0256332, max=0.120733 (CLAV)
Frame 251 (t=2.51):	total squared error = 0.0222845, marker error: RMS=0.0256013, max=0.120495 (CLAV)
Frame 252 (t=2.52):	total squared error = 0.0222456, marker error: RMS=0.0255789, max=0.120211 (CLAV)
Frame 253 (t=2.53):	total squared error = 0.0222189, marker error: RMS=0.0255636, max=0.119942 (CLAV)
Frame 254 (t=2.54):	total squared error = 0.0222102, marker error: RMS=0.0255586, max=0.119894 (CLAV)
Frame 255 (t=2.55):	total squared error = 0.0221894, marker error: RMS=0.0255466, max=0.119506 (CLAV)
Frame 256 (t=2.56):	total squared error = 0.0221856, marker error: RMS=0.0255444, max=0.119357 (CLAV)
Frame 257 (t=2.57):	total squared error = 0.0221887, marker error: RMS=0.0255462, max=0.119191 (CLAV)
Frame 258 (t=2.58):	total squared error = 0.0221984, marker error: RMS=0.0255518, max=0.119089 (CLAV)
Frame 259 (t=2.59):	total squared error = 0.0222112, marker error: RMS=0.0255592, max=0.119011 (CLAV)
Frame 260 (t=2.6):	total squared error = 0.0222347, marker error: RMS=0.0255727, max=0.118957 (CLAV)
Frame 261 (t=2.61):	total squared error = 0.0222617, marker error: RMS=0.0255882, max=0.118935 (CLAV)
Frame 262 (t=2.62):	total squared error = 0.0223006, marker error: RMS=0.0256105, max=0.118877 (CLAV)
Frame 263 (t=2.63):	total squared error = 0.0223597, marker error: RMS=0.0256445, max=0.118905 (CLAV)
Frame 264 (t=2.64):	total squared error = 0.022427, marker error: RMS=0.025683, max=0.118807 (CLAV)
Frame 265 (t=2.65):	total squared error = 0.0225155, marker error: RMS=0.0257336, max=0.118988 (CLAV)
Frame 266 (t=2.66):	total squared error = 0.022556, marker error: RMS=0.0257568, max=0.1187 (CLAV)
Frame 267 (t=2.67):	total squared error = 0.0225677, marker error: RMS=0.0257635, max=0.118585 (CLAV)
Frame 268 (t=2.68):	total squared error = 0.0225215, marker error: RMS=0.0257371, max=0.118476 (CLAV)
Frame 269 (t=2.69):	total squared error = 0.0224236, marker error: RMS=0.0256811, max=0.118345 (CLAV)
Frame 270 (t=2.7):	total squared error = 0.0222873, marker error: RMS=0.0256029, max=0.118068 (CLAV)
Frame 271 (t=2.71):	total squared error = 0.0221201, marker error: RMS=0.0255067, max=0.117986 (CLAV)
Frame 272 (t=2.72):	total squared error = 0.0219722, marker error: RMS=0.0254213, max=0.117755 (CLAV)
Frame 273 (t=2.73):	total squared error = 0.0218501, marker error: RMS=0.0253505, max=0.11759 (CLAV)
Frame 274 (t=2.74):	total squared error = 0.0217588, marker error: RMS=0.0252975, max=0.117589 (CLAV)
Frame 275 (t=2.75):	total squared error = 0.0216905, marker error: RMS=0.0252578, max=0.117435 (CLAV)
Frame 276 (t=2.76):	total squared error = 0.0215645, marker error: RMS=0.0251843, max=0.11731 (CLAV)
Frame 277 (t=2.77):	total squared error = 0.0215026, marker error: RMS=0.0251481, max=0.117375 (CLAV)
Frame 278 (t=2.78):	total squared error = 0.0214393, marker error: RMS=0.0251111, max=0.117564 (CLAV)
Frame 279 (t=2.79):	total squared error = 0.0213662, marker error: RMS=0.0250683, max=0.117695 (CLAV)
Frame 280 (t=2.8):	total squared error = 0.0213215, marker error: RMS=0.025042, max=0.118064 (CLAV)
Frame 281 (t=2.81):	total squared error = 0.0212917, marker error: RMS=0.0250245, max=0.118285 (CLAV)
Frame 282 (t=2.82):	total squared error = 0.0212892, marker error: RMS=0.0250231, max=0.118674 (CLAV)
Frame 283 (t=2.83):	total squared error = 0.0212991, marker error: RMS=0.0250289, max=0.119136 (CLAV)
Frame 284 (t=2.84):	total squared error = 0.0213149, marker error: RMS=0.0250382, max=0.119701 (CLAV)
Frame 285 (t=2.85):	total squared error = 0.0213219, marker error: RMS=0.0250423, max=0.120267 (CLAV)
Frame 286 (t=2.86):	total squared error = 0.0212954, marker error: RMS=0.0250267, max=0.120713 (CLAV)
Frame 287 (t=2.87):	total squared error = 0.0212736, marker error: RMS=0.0250139, max=0.121487 (CLAV)
Frame 288 (t=2.88):	total squared error = 0.0212341, marker error: RMS=0.0249906, max=0.122033 (CLAV)
Frame 289 (t=2.89):	total squared error = 0.0212184, marker error: RMS=0.0249814, max=0.122778 (CLAV)
Frame 290 (t=2.9):	total squared error = 0.0212052, marker error: RMS=0.0249736, max=0.123366 (CLAV)
Frame 291 (t=2.91):	total squared error = 0.021233, marker error: RMS=0.02499, max=0.123928 (CLAV)
Frame 292 (t=2.92):	total squared error = 0.0213105, marker error: RMS=0.0250355, max=0.124455 (CLAV)
Frame 293 (t=2.93):	total squared error = 0.02144, marker error: RMS=0.0251115, max=0.124895 (CLAV)
Frame 294 (t=2.94):	total squared error = 0.0216326, marker error: RMS=0.0252241, max=0.12531 (CLAV)
Frame 295 (t=2.95):	total squared error = 0.0218754, marker error: RMS=0.0253652, max=0.12562 (CLAV)
Frame 296 (t=2.96):	total squared error = 0.0222287, marker error: RMS=0.0255692, max=0.12587 (CLAV)
Frame 297 (t=2.97):	total squared error = 0.0226598, marker error: RMS=0.025816, max=0.125879 (CLAV)
Frame 298 (t=2.98):	total squared error = 0.0230771, marker error: RMS=0.0260526, max=0.126122 (CLAV)
Frame 299 (t=2.99):	total squared error = 0.0234189, marker error: RMS=0.0262448, max=0.126279 (CLAV)
Frame 300 (t=3):	total squared error = 0.0237169, marker error: RMS=0.0264113, max=0.126086 (CLAV)
Frame 301 (t=3.01):	total squared error = 0.0239013, marker error: RMS=0.0265138, max=0.126015 (CLAV)
Frame 302 (t=3.02):	total squared error = 0.0239477, marker error: RMS=0.0265395, max=0.125951 (CLAV)
Frame 303 (t=3.03):	total squared error = 0.0238751, marker error: RMS=0.0264992, max=0.125818 (CLAV)
Frame 304 (t=3.04):	total squared error = 0.0237205, marker error: RMS=0.0264133, max=0.125548 (CLAV)
Frame 305 (t=3.05):	total squared error = 0.0234972, marker error: RMS=0.0262887, max=0.125239 (CLAV)
Frame 306 (t=3.06):	total squared error = 0.0232458, marker error: RMS=0.0261477, max=0.124927 (CLAV)
Frame 307 (t=3.07):	total squared error = 0.0229856, marker error: RMS=0.0260009, max=0.124635 (CLAV)
Frame 308 (t=3.08):	total squared error = 0.0227335, marker error: RMS=0.0258579, max=0.12431 (CLAV)
Frame 309 (t=3.09):	total squared error = 0.0225156, marker error: RMS=0.0257337, max=0.123886 (CLAV)
Frame 310 (t=3.1):	total squared error = 0.0223337, marker error: RMS=0.0256295, max=0.123479 (CLAV)
Frame 311 (t=3.11):	total squared error = 0.0221649, marker error: RMS=0.0255325, max=0.123166 (CLAV)
Frame 312 (t=3.12):	total squared error = 0.0220288, marker error: RMS=0.025454, max=0.122802 (CLAV)
Frame 313 (t=3.13):	total squared error = 0.021911, marker error: RMS=0.0253859, max=0.122487 (CLAV)
Frame 314 (t=3.14):	total squared error = 0.0218074, marker error: RMS=0.0253257, max=0.122161 (CLAV)
Frame 315 (t=3.15):	total squared error = 0.0216821, marker error: RMS=0.0252529, max=0.121758 (CLAV)
Frame 316 (t=3.16):	total squared error = 0.0215623, marker error: RMS=0.0251831, max=0.12138 (CLAV)
Frame 317 (t=3.17):	total squared error = 0.021437, marker error: RMS=0.0251098, max=0.121238 (CLAV)
Frame 318 (t=3.18):	total squared error = 0.0212736, marker error: RMS=0.0250139, max=0.120776 (CLAV)
Frame 319 (t=3.19):	total squared error = 0.0210974, marker error: RMS=0.0249101, max=0.120725 (CLAV)
Frame 320 (t=3.2):	total squared error = 0.02087, marker error: RMS=0.0247755, max=0.120241 (CLAV)
Frame 321 (t=3.21):	total squared error = 0.0206244, marker error: RMS=0.0246292, max=0.119984 (CLAV)
Frame 322 (t=3.22):	total squared error = 0.0203594, marker error: RMS=0.0244705, max=0.119734 (CLAV)
Frame 323 (t=3.23):	total squared error = 0.0201075, marker error: RMS=0.0243187, max=0.119832 (CLAV)
Frame 324 (t=3.24):	total squared error = 0.0198439, marker error: RMS=0.0241588, max=0.119323 (CLAV)
Frame 325 (t=3.25):	total squared error = 0.0196428, marker error: RMS=0.024036, max=0.119115 (CLAV)
Frame 326 (t=3.26):	total squared error = 0.0195288, marker error: RMS=0.0239661, max=0.11919 (CLAV)
Frame 327 (t=3.27):	total squared error = 0.0194387, marker error: RMS=0.0239108, max=0.118732 (CLAV)
Frame 328 (t=3.28):	total squared error = 0.0194115, marker error: RMS=0.0238941, max=0.118454 (CLAV)
Frame 329 (t=3.29):	total squared error = 0.0194116, marker error: RMS=0.0238941, max=0.118217 (CLAV)
Frame 330 (t=3.3):	total squared error = 0.0194006, marker error: RMS=0.0238874, max=0.117902 (CLAV)
Frame 331 (t=3.31):	total squared error = 0.0193585, marker error: RMS=0.0238614, max=0.117575 (CLAV)
Frame 332 (t=3.32):	total squared error = 0.0192871, marker error: RMS=0.0238174, max=0.117227 (CLAV)
Frame 333 (t=3.33):	total squared error = 0.0191807, marker error: RMS=0.0237516, max=0.116959 (CLAV)
Frame 334 (t=3.34):	total squared error = 0.019083, marker error: RMS=0.023691, max=0.116288 (CLAV)
Frame 335 (t=3.35):	total squared error = 0.018965, marker error: RMS=0.0236176, max=0.116243 (CLAV)
Frame 336 (t=3.36):	total squared error = 0.0188963, marker error: RMS=0.0235749, max=0.116124 (CLAV)
Frame 337 (t=3.37):	total squared error = 0.018857, marker error: RMS=0.0235503, max=0.115952 (CLAV)
Frame 338 (t=3.38):	total squared error = 0.0188368, marker error: RMS=0.0235377, max=0.116049 (CLAV)
Frame 339 (t=3.39):	total squared error = 0.0188256, marker error: RMS=0.0235307, max=0.116144 (CLAV)
Frame 340 (t=3.4):	total squared error = 0.0188247, marker error: RMS=0.0235302, max=0.116295 (CLAV)
Frame 341 (t=3.41):	total squared error = 0.0188353, marker error: RMS=0.0235367, max=0.116537 (CLAV)
Frame 342 (t=3.42):	total squared error = 0.0188515, marker error: RMS=0.0235469, max=0.116909 (CLAV)
Frame 343 (t=3.43):	total squared error = 0.0188917, marker error: RMS=0.023572, max=0.117298 (CLAV)
Frame 344 (t=3.44):	total squared error = 0.0189437, marker error: RMS=0.0236044, max=0.1177 (CLAV)
Frame 345 (t=3.45):	total squared error = 0.019014, marker error: RMS=0.0236482, max=0.118162 (CLAV)
Frame 346 (t=3.46):	total squared error = 0.019093, marker error: RMS=0.0236972, max=0.118575 (CLAV)
Frame 347 (t=3.47):	total squared error = 0.0191794, marker error: RMS=0.0237508, max=0.119055 (CLAV)
Frame 348 (t=3.48):	total squared error = 0.0192758, marker error: RMS=0.0238104, max=0.119603 (CLAV)
Frame 349 (t=3.49):	total squared error = 0.0193798, marker error: RMS=0.0238745, max=0.12007 (CLAV)
Frame 350 (t=3.5):	total squared error = 0.0195003, marker error: RMS=0.0239487, max=0.120597 (CLAV)
Frame 351 (t=3.51):	total squared error = 0.019651, marker error: RMS=0.024041, max=0.121266 (CLAV)
Frame 352 (t=3.52):	total squared error = 0.0198235, marker error: RMS=0.0241463, max=0.121804 (CLAV)
Frame 353 (t=3.53):	total squared error = 0.0199866, marker error: RMS=0.0242454, max=0.122096 (CLAV)
Frame 354 (t=3.54):	total squared error = 0.0201994, marker error: RMS=0.0243741, max=0.122485 (CLAV)
Frame 355 (t=3.55):	total squared error = 0.0204578, marker error: RMS=0.0245296, max=0.122875 (CLAV)
Frame 356 (t=3.56):	total squared error = 0.0207751, marker error: RMS=0.0247191, max=0.123251 (CLAV)
Frame 357 (t=3.57):	total squared error = 0.0211493, marker error: RMS=0.0249407, max=0.123496 (CLAV)
Frame 358 (t=3.58):	total squared error = 0.0215894, marker error: RMS=0.0251989, max=0.123808 (CLAV)
Frame 359 (t=3.59):	total squared error = 0.0220667, marker error: RMS=0.0254759, max=0.124055 (CLAV)
Frame 360 (t=3.6):	total squared error = 0.0225314, marker error: RMS=0.0257427, max=0.124178 (CLAV)
Frame 361 (t=3.61):	total squared error = 0.0229433, marker error: RMS=0.025977, max=0.124377 (CLAV)
Frame 362 (t=3.62):	total squared error = 0.0232677, marker error: RMS=0.02616, max=0.124455 (CLAV)
Frame 363 (t=3.63):	total squared error = 0.0234449, marker error: RMS=0.0262594, max=0.124557 (CLAV)
Frame 364 (t=3.64):	total squared error = 0.0235127, marker error: RMS=0.0262973, max=0.124553 (CLAV)
Frame 365 (t=3.65):	total squared error = 0.0234485, marker error: RMS=0.0262614, max=0.124467 (CLAV)
Frame 366 (t=3.66):	total squared error = 0.0233229, marker error: RMS=0.026191, max=0.124445 (CLAV)
Frame 367 (t=3.67):	total squared error = 0.0231138, marker error: RMS=0.0260733, max=0.124203 (CLAV)
Frame 368 (t=3.68):	total squared error = 0.0229287, marker error: RMS=0.0259687, max=0.124076 (CLAV)
Frame 369 (t=3.69):	total squared error = 0.0227646, marker error: RMS=0.0258756, max=0.123909 (CLAV)
Frame 370 (t=3.7):	total squared error = 0.0226314, marker error: RMS=0.0257998, max=0.123756 (CLAV)
Frame 371 (t=3.71):	total squared error = 0.0225522, marker error: RMS=0.0257546, max=0.123606 (CLAV)
Frame 372 (t=3.72):	total squared error = 0.0225172, marker error: RMS=0.0257346, max=0.123347 (CLAV)
Frame 373 (t=3.73):	total squared error = 0.0225249, marker error: RMS=0.025739, max=0.123151 (CLAV)
Frame 374 (t=3.74):	total squared error = 0.0225591, marker error: RMS=0.0257585, max=0.122948 (CLAV)
Frame 375 (t=3.75):	total squared error = 0.0225712, marker error: RMS=0.0257655, max=0.122528 (CLAV)
Frame 376 (t=3.76):	total squared error = 0.0226217, marker error: RMS=0.0257943, max=0.122356 (CLAV)
Frame 377 (t=3.77):	total squared error = 0.0226465, marker error: RMS=0.0258084, max=0.121975 (CLAV)
Frame 378 (t=3.78):	total squared error = 0.0226625, marker error: RMS=0.0258175, max=0.121716 (CLAV)
Frame 379 (t=3.79):	total squared error = 0.0226581, marker error: RMS=0.025815, max=0.121438 (CLAV)
Frame 380 (t=3.8):	total squared error = 0.022639, marker error: RMS=0.0258041, max=0.121201 (CLAV)
Frame 381 (t=3.81):	total squared error = 0.0226131, marker error: RMS=0.0257893, max=0.121079 (CLAV)
Frame 382 (t=3.82):	total squared error = 0.0225685, marker error: RMS=0.0257639, max=0.120829 (CLAV)
Frame 383 (t=3.83):	total squared error = 0.0225242, marker error: RMS=0.0257386, max=0.120713 (CLAV)
Frame 384 (t=3.84):	total squared error = 0.0224866, marker error: RMS=0.0257171, max=0.120611 (CLAV)
Frame 385 (t=3.85):	total squared error = 0.0224639, marker error: RMS=0.0257041, max=0.120583 (CLAV)
Frame 386 (t=3.86):	total squared error = 0.022466, marker error: RMS=0.0257053, max=0.120561 (CLAV)
Frame 387 (t=3.87):	total squared error = 0.0224976, marker error: RMS=0.0257234, max=0.120539 (CLAV)
Frame 388 (t=3.88):	total squared error = 0.0225633, marker error: RMS=0.0257609, max=0.120538 (CLAV)
Frame 389 (t=3.89):	total squared error = 0.0226653, marker error: RMS=0.0258191, max=0.120635 (CLAV)
Frame 390 (t=3.9):	total squared error = 0.0227866, marker error: RMS=0.0258881, max=0.120594 (CLAV)
Frame 391 (t=3.91):	total squared error = 0.0229142, marker error: RMS=0.0259605, max=0.120614 (CLAV)
Frame 392 (t=3.92):	total squared error = 0.0230223, marker error: RMS=0.0260216, max=0.120555 (CLAV)
Frame 393 (t=3.93):	total squared error = 0.023093, marker error: RMS=0.0260616, max=0.120623 (CLAV)
Frame 394 (t=3.94):	total squared error = 0.0231182, marker error: RMS=0.0260758, max=0.12051 (CLAV)
Frame 395 (t=3.95):	total squared error = 0.0230936, marker error: RMS=0.0260619, max=0.120453 (CLAV)
Frame 396 (t=3.96):	total squared error = 0.02304, marker error: RMS=0.0260317, max=0.120139 (CLAV)
Frame 397 (t=3.97):	total squared error = 0.0229422, marker error: RMS=0.0259764, max=0.120416 (CLAV)
Frame 398 (t=3.98):	total squared error = 0.0228454, marker error: RMS=0.0259215, max=0.120282 (CLAV)
Frame 399 (t=3.99):	total squared error = 0.0227471, marker error: RMS=0.0258656, max=0.119929 (CLAV)
Frame 400 (t=4):	total squared error = 0.0226254, marker error: RMS=0.0257964, max=0.120282 (CLAV)
Frame 401 (t=4.01):	total squared error = 0.022509, marker error: RMS=0.0257299, max=0.120304 (CLAV)
Frame 402 (t=4.02):	total squared error = 0.0223828, marker error: RMS=0.0256577, max=0.120453 (CLAV)
Frame 403 (t=4.03):	total squared error = 0.0222377, marker error: RMS=0.0255744, max=0.120611 (CLAV)
Frame 404 (t=4.04):	total squared error = 0.0221035, marker error: RMS=0.0254971, max=0.120855 (CLAV)
Frame 405 (t=4.05):	total squared error = 0.0219764, marker error: RMS=0.0254237, max=0.121111 (CLAV)
Frame 406 (t=4.06):	total squared error = 0.0218642, marker error: RMS=0.0253587, max=0.121451 (CLAV)
Frame 407 (t=4.07):	total squared error = 0.021774, marker error: RMS=0.0253064, max=0.12186 (CLAV)
Frame 408 (t=4.08):	total squared error = 0.0216883, marker error: RMS=0.0252565, max=0.122235 (CLAV)
Frame 409 (t=4.09):	total squared error = 0.0215993, marker error: RMS=0.0252046, max=0.122563 (CLAV)
Frame 410 (t=4.1):	total squared error = 0.0215403, marker error: RMS=0.0251702, max=0.123056 (CLAV)
Frame 411 (t=4.11):	total squared error = 0.0214884, marker error: RMS=0.0251399, max=0.123458 (CLAV)
Frame 412 (t=4.12):	total squared error = 0.0214645, marker error: RMS=0.0251258, max=0.124016 (CLAV)
Frame 413 (t=4.13):	total squared error = 0.0214579, marker error: RMS=0.025122, max=0.124357 (CLAV)
Frame 414 (t=4.14):	total squared error = 0.0214793, marker error: RMS=0.0251345, max=0.12484 (CLAV)
Frame 415 (t=4.15):	total squared error = 0.0215197, marker error: RMS=0.0251581, max=0.125427 (CLAV)
Frame 416 (t=4.16):	total squared error = 0.0216137, marker error: RMS=0.025213, max=0.12585 (CLAV)
Frame 417 (t=4.17):	total squared error = 0.0217692, marker error: RMS=0.0253036, max=0.126207 (CLAV)
Frame 418 (t=4.18):	total squared error = 0.0220124, marker error: RMS=0.0254445, max=0.126434 (CLAV)
Frame 419 (t=4.19):	total squared error = 0.0223709, marker error: RMS=0.0256509, max=0.126759 (CLAV)
Frame 420 (t=4.2):	total squared error = 0.0228408, marker error: RMS=0.0259189, max=0.126875 (CLAV)
Frame 421 (t=4.21):	total squared error = 0.023399, marker error: RMS=0.0262337, max=0.127154 (CLAV)
Frame 422 (t=4.22):	total squared error = 0.024028, marker error: RMS=0.0265839, max=0.127264 (CLAV)
Frame 423 (t=4.23):	total squared error = 0.0246344, marker error: RMS=0.0269173, max=0.127361 (CLAV)
Frame 424 (t=4.24):	total squared error = 0.025162, marker error: RMS=0.027204, max=0.127413 (CLAV)
Frame 425 (t=4.25):	total squared error = 0.0255296, marker error: RMS=0.027402, max=0.127406 (CLAV)
Frame 426 (t=4.26):	total squared error = 0.0257193, marker error: RMS=0.0275036, max=0.127363 (CLAV)
Frame 427 (t=4.27):	total squared error = 0.0257155, marker error: RMS=0.0275016, max=0.127234 (CLAV)
Frame 428 (t=4.28):	total squared error = 0.0255464, marker error: RMS=0.027411, max=0.127111 (CLAV)
Frame 429 (t=4.29):	total squared error = 0.0252537, marker error: RMS=0.0272535, max=0.126956 (CLAV)
Frame 430 (t=4.3):	total squared error = 0.0248644, marker error: RMS=0.0270426, max=0.126874 (CLAV)
Frame 431 (t=4.31):	total squared error = 0.0244577, marker error: RMS=0.0268206, max=0.126674 (CLAV)
Frame 432 (t=4.32):	total squared error = 0.0240472, marker error: RMS=0.0265945, max=0.126531 (CLAV)
Frame 433 (t=4.33):	total squared error = 0.0236623, marker error: RMS=0.0263809, max=0.126331 (CLAV)
Frame 434 (t=4.34):	total squared error = 0.0232984, marker error: RMS=0.0261772, max=0.126188 (CLAV)
Frame 435 (t=4.35):	total squared error = 0.0229702, marker error: RMS=0.0259922, max=0.125964 (CLAV)
Frame 436 (t=4.36):	total squared error = 0.0226717, marker error: RMS=0.0258228, max=0.125756 (CLAV)
Frame 437 (t=4.37):	total squared error = 0.0223736, marker error: RMS=0.0256525, max=0.125499 (CLAV)
Frame 438 (t=4.38):	total squared error = 0.0220982, marker error: RMS=0.025494, max=0.12532 (CLAV)
Frame 439 (t=4.39):	total squared error = 0.021793, marker error: RMS=0.0253174, max=0.125178 (CLAV)
Frame 440 (t=4.4):	total squared error = 0.0215107, marker error: RMS=0.0251529, max=0.12494 (CLAV)
Frame 441 (t=4.41):	total squared error = 0.0212335, marker error: RMS=0.0249903, max=0.1247 (CLAV)
Frame 442 (t=4.42):	total squared error = 0.0209673, marker error: RMS=0.0248331, max=0.124484 (CLAV)
Frame 443 (t=4.43):	total squared error = 0.0207203, marker error: RMS=0.0246864, max=0.124222 (CLAV)
Frame 444 (t=4.44):	total squared error = 0.0205035, marker error: RMS=0.024557, max=0.124108 (CLAV)
Frame 445 (t=4.45):	total squared error = 0.0202812, marker error: RMS=0.0244235, max=0.123725 (CLAV)
Frame 446 (t=4.46):	total squared error = 0.0200902, marker error: RMS=0.0243082, max=0.123548 (CLAV)
Frame 447 (t=4.47):	total squared error = 0.0199028, marker error: RMS=0.0241945, max=0.123318 (CLAV)
Frame 448 (t=4.48):	total squared error = 0.01972, marker error: RMS=0.0240832, max=0.123137 (CLAV)
Frame 449 (t=4.49):	total squared error = 0.0195539, marker error: RMS=0.0239815, max=0.123015 (CLAV)
Frame 450 (t=4.5):	total squared error = 0.0193955, marker error: RMS=0.0238842, max=0.122904 (CLAV)
Frame 451 (t=4.51):	total squared error = 0.0192451, marker error: RMS=0.0237914, max=0.122799 (CLAV)
Frame 452 (t=4.52):	total squared error = 0.0191091, marker error: RMS=0.0237072, max=0.122713 (CLAV)
Frame 453 (t=4.53):	total squared error = 0.01899, marker error: RMS=0.0236332, max=0.122692 (CLAV)
Frame 454 (t=4.54):	total squared error = 0.01888, marker error: RMS=0.0235647, max=0.122591 (CLAV)
Frame 455 (t=4.55):	total squared error = 0.0187786, marker error: RMS=0.0235013, max=0.122531 (CLAV)
Frame 456 (t=4.56):	total squared error = 0.0186748, marker error: RMS=0.0234363, max=0.122359 (CLAV)
Frame 457 (t=4.57):	total squared error = 0.018582, marker error: RMS=0.023378, max=0.122504 (CLAV)
Frame 458 (t=4.58):	total squared error = 0.0184849, marker error: RMS=0.0233168, max=0.122512 (CLAV)
Frame 459 (t=4.59):	total squared error = 0.0183836, marker error: RMS=0.0232528, max=0.12256 (CLAV)
Frame 460 (t=4.6):	total squared error = 0.0182826, marker error: RMS=0.0231889, max=0.122612 (CLAV)
Frame 461 (t=4.61):	total squared error = 0.0181834, marker error: RMS=0.0231259, max=0.122667 (CLAV)
Frame 462 (t=4.62):	total squared error = 0.018099, marker error: RMS=0.0230721, max=0.123054 (CLAV)
Frame 463 (t=4.63):	total squared error = 0.0179853, marker error: RMS=0.0229995, max=0.122708 (CLAV)
Frame 464 (t=4.64):	total squared error = 0.0178924, marker error: RMS=0.0229401, max=0.122778 (CLAV)
Frame 465 (t=4.65):	total squared error = 0.0178054, marker error: RMS=0.0228843, max=0.122883 (CLAV)
Frame 466 (t=4.66):	total squared error = 0.0177228, marker error: RMS=0.0228311, max=0.122995 (CLAV)
Frame 467 (t=4.67):	total squared error = 0.017659, marker error: RMS=0.0227899, max=0.123314 (CLAV)
Frame 468 (t=4.68):	total squared error = 0.0175753, marker error: RMS=0.0227359, max=0.123089 (CLAV)
Frame 469 (t=4.69):	total squared error = 0.0175255, marker error: RMS=0.0227037, max=0.123386 (CLAV)
Frame 470 (t=4.7):	total squared error = 0.0174593, marker error: RMS=0.0226607, max=0.123211 (CLAV)
Frame 471 (t=4.71):	total squared error = 0.0174135, marker error: RMS=0.022631, max=0.123327 (CLAV)
Frame 472 (t=4.72):	total squared error = 0.0173668, marker error: RMS=0.0226006, max=0.123272 (CLAV)
Frame 473 (t=4.73):	total squared error = 0.0173277, marker error: RMS=0.0225752, max=0.123311 (CLAV)
Frame 474 (t=4.74):	total squared error = 0.0172931, marker error: RMS=0.0225526, max=0.123323 (CLAV)
Frame 475 (t=4.75):	total squared error = 0.017278, marker error: RMS=0.0225428, max=0.12348 (CLAV)
Frame 476 (t=4.76):	total squared error = 0.017245, marker error: RMS=0.0225212, max=0.123295 (CLAV)
Frame 477 (t=4.77):	total squared error = 0.0172343, marker error: RMS=0.0225142, max=0.123325 (CLAV)
Frame 478 (t=4.78):	total squared error = 0.0172356, marker error: RMS=0.0225151, max=0.123383 (CLAV)
Frame 479 (t=4.79):	total squared error = 0.0172384, marker error: RMS=0.022517, max=0.123372 (CLAV)
Frame 480 (t=4.8):	total squared error = 0.0172573, marker error: RMS=0.0225293, max=0.123402 (CLAV)
Frame 481 (t=4.81):	total squared error = 0.0172557, marker error: RMS=0.0225282, max=0.123379 (CLAV)
Frame 482 (t=4.82):	total squared error = 0.0172747, marker error: RMS=0.0225406, max=0.123416 (CLAV)
Frame 483 (t=4.83):	total squared error = 0.0173009, marker error: RMS=0.0225577, max=0.12349 (CLAV)
Frame 484 (t=4.84):	total squared error = 0.0173222, marker error: RMS=0.0225716, max=0.123464 (CLAV)
Frame 485 (t=4.85):	total squared error = 0.0173432, marker error: RMS=0.0225853, max=0.123435 (CLAV)
Frame 486 (t=4.86):	total squared error = 0.0173652, marker error: RMS=0.0225996, max=0.123454 (CLAV)
Frame 487 (t=4.87):	total squared error = 0.0173856, marker error: RMS=0.0226128, max=0.123498 (CLAV)
Frame 488 (t=4.88):	total squared error = 0.0173961, marker error: RMS=0.0226197, max=0.123517 (CLAV)
Frame 489 (t=4.89):	total squared error = 0.0174092, marker error: RMS=0.0226282, max=0.123508 (CLAV)
Frame 490 (t=4.9):	total squared error = 0.0174189, marker error: RMS=0.0226345, max=0.123526 (CLAV)
Frame 491 (t=4.91):	total squared error = 0.0174282, marker error: RMS=0.0226405, max=0.123532 (CLAV)
Frame 492 (t=4.92):	total squared error = 0.017432, marker error: RMS=0.022643, max=0.123509 (CLAV)
Frame 493 (t=4.93):	total squared error = 0.0174318, marker error: RMS=0.0226429, max=0.123494 (CLAV)
Frame 494 (t=4.94):	total squared error = 0.0174306, marker error: RMS=0.0226421, max=0.123478 (CLAV)
Frame 495 (t=4.95):	total squared error = 0.0174255, marker error: RMS=0.0226388, max=0.12345 (CLAV)
Frame 496 (t=4.96):	total squared error = 0.0174197, marker error: RMS=0.022635, max=0.123477 (CLAV)
Frame 497 (t=4.97):	total squared error = 0.0174105, marker error: RMS=0.022629, max=0.123382 (CLAV)
Frame 498 (t=4.98):	total squared error = 0.0174001, marker error: RMS=0.0226223, max=0.123321 (CLAV)
Frame 499 (t=4.99):	total squared error = 0.0173919, marker error: RMS=0.0226169, max=0.123299 (CLAV)
Frame 500 (t=5):	total squared error = 0.0173849, marker error: RMS=0.0226124, max=0.123262 (CLAV)
Frame 501 (t=5.01):	total squared error = 0.0173895, marker error: RMS=0.0226154, max=0.12338 (CLAV)
Frame 502 (t=5.02):	total squared error = 0.0173714, marker error: RMS=0.0226036, max=0.123175 (CLAV)
Frame 503 (t=5.03):	total squared error = 0.0173644, marker error: RMS=0.0225991, max=0.123143 (CLAV)
Frame 504 (t=5.04):	total squared error = 0.017357, marker error: RMS=0.0225942, max=0.123083 (CLAV)
Frame 505 (t=5.05):	total squared error = 0.0173528, marker error: RMS=0.0225915, max=0.123058 (CLAV)
Frame 506 (t=5.06):	total squared error = 0.0173502, marker error: RMS=0.0225898, max=0.123034 (CLAV)
Frame 507 (t=5.07):	total squared error = 0.0173486, marker error: RMS=0.0225888, max=0.12301 (CLAV)
Frame 508 (t=5.08):	total squared error = 0.0173477, marker error: RMS=0.0225882, max=0.122995 (CLAV)
Frame 509 (t=5.09):	total squared error = 0.0173472, marker error: RMS=0.0225878, max=0.122989 (CLAV)
Frame 510 (t=5.1):	total squared error = 0.0173507, marker error: RMS=0.0225902, max=0.123049 (CLAV)
Frame 511 (t=5.11):	total squared error = 0.0173458, marker error: RMS=0.0225869, max=0.122986 (CLAV)
Frame 512 (t=5.12):	total squared error = 0.0173461, marker error: RMS=0.0225872, max=0.122993 (CLAV)
Frame 513 (t=5.13):	total squared error = 0.0173453, marker error: RMS=0.0225866, max=0.122983 (CLAV)
Frame 514 (t=5.14):	total squared error = 0.0173468, marker error: RMS=0.0225876, max=0.123019 (CLAV)
Frame 515 (t=5.15):	total squared error = 0.0173468, marker error: RMS=0.0225876, max=0.123049 (CLAV)
Frame 516 (t=5.16):	total squared error = 0.0173439, marker error: RMS=0.0225857, max=0.123003 (CLAV)
Frame 517 (t=5.17):	total squared error = 0.0173467, marker error: RMS=0.0225876, max=0.123078 (CLAV)
Frame 518 (t=5.18):	total squared error = 0.0173393, marker error: RMS=0.0225827, max=0.123021 (CLAV)
Frame 519 (t=5.19):	total squared error = 0.0173339, marker error: RMS=0.0225792, max=0.123011 (CLAV)
Frame 520 (t=5.2):	total squared error = 0.0173258, marker error: RMS=0.022574, max=0.122988 (CLAV)
Frame 521 (t=5.21):	total squared error = 0.017318, marker error: RMS=0.0225688, max=0.122968 (CLAV)
Frame 522 (t=5.22):	total squared error = 0.0173094, marker error: RMS=0.0225632, max=0.122949 (CLAV)
Frame 523 (t=5.23):	total squared error = 0.0173029, marker error: RMS=0.022559, max=0.123002 (CLAV)
Frame 524 (t=5.24):	total squared error = 0.017291, marker error: RMS=0.0225513, max=0.12291 (CLAV)
Frame 525 (t=5.25):	total squared error = 0.017285, marker error: RMS=0.0225474, max=0.122904 (CLAV)
Frame 526 (t=5.26):	total squared error = 0.0172768, marker error: RMS=0.022542, max=0.122888 (CLAV)
Frame 527 (t=5.27):	total squared error = 0.0172689, marker error: RMS=0.0225369, max=0.122872 (CLAV)
Frame 528 (t=5.28):	total squared error = 0.0172644, marker error: RMS=0.0225339, max=0.122933 (CLAV)
Frame 529 (t=5.29):	total squared error = 0.0172522, marker error: RMS=0.022526, max=0.122892 (CLAV)
Frame 530 (t=5.3):	total squared error = 0.0172399, marker error: RMS=0.0225179, max=0.12286 (CLAV)
Frame 531 (t=5.31):	total squared error = 0.0172329, marker error: RMS=0.0225133, max=0.122822 (CLAV)
Frame 532 (t=5.32):	total squared error = 0.0172241, marker error: RMS=0.0225076, max=0.122818 (CLAV)
Frame 533 (t=5.33):	total squared error = 0.0172187, marker error: RMS=0.0225041, max=0.122839 (CLAV)
Frame 534 (t=5.34):	total squared error = 0.0172059, marker error: RMS=0.0224957, max=0.12278 (CLAV)
Frame 535 (t=5.35):	total squared error = 0.0171877, marker error: RMS=0.0224838, max=0.122804 (CLAV)
Frame 536 (t=5.36):	total squared error = 0.0171771, marker error: RMS=0.0224768, max=0.122763 (CLAV)
Frame 537 (t=5.37):	total squared error = 0.0171729, marker error: RMS=0.0224741, max=0.122837 (CLAV)
Frame 538 (t=5.38):	total squared error = 0.017159, marker error: RMS=0.022465, max=0.12271 (CLAV)
Frame 539 (t=5.39):	total squared error = 0.0171476, marker error: RMS=0.0224575, max=0.122694 (CLAV)
Frame 540 (t=5.4):	total squared error = 0.0171414, marker error: RMS=0.0224535, max=0.122686 (CLAV)
Frame 541 (t=5.41):	total squared error = 0.0171273, marker error: RMS=0.0224442, max=0.122651 (CLAV)
InverseKinematicsTool completed 541 frames in 46.764s

Loaded model FullBodyModel_MuscleActuatedLowerLimb_TorqueActuatedUpperBody from file D:\Google Drive\Share to the world\GitHub\OpenSim\FullBodyModel\SubjectMoved.osim
Storage: file=D:\Google Drive\Share to the world\GitHub\OpenSim\MOT\Walk_Mkrs.mot (nr=542 nc=40)
               MODEL: FullBodyModel_MuscleActuatedLowerLimb_TorqueActuatedUpperBody
         coordinates: 39
              forces: 97
           actuators: 97
             muscles: 80
            analyses: 0
              probes: 0
              bodies: 23
              joints: 22
         constraints: 2
             markers: 34
         controllers: 0
  contact geometries: 0
misc modelcomponents: 0
Running tool Walk_Mkrs.

Storage: file=D:\Google Drive\Share to the world\GitHub\OpenSim\MOT\Walk_Mkrs.mot (nr=542 nc=40)
Storage: file=D:\Google Drive\Share to the world\GitHub\OpenSim\PFF_MOT\walk1.mot (nr=5420 nc=8)
ExternalForce::Force
Data source being set to Coordinates
InverseDynamicsTool: 542 time frames in 0.514s

Loaded model FullBodyModel_MuscleActuatedLowerLimb_TorqueActuatedUpperBody from file D:\Google Drive\Share to the world\GitHub\OpenSim\\FullBodyModel\Rajagopal2015.osim
Replaced marker set in model FullBodyModel_MuscleActuatedLowerLimb_TorqueActuatedUpperBody
Loaded marker file D:\Google Drive\Share to the world\GitHub\OpenSim\\TRC\pose.trc (34 markers, 2 frames)

Step 2: Scaling generic model
Loaded marker file D:\Google Drive\Share to the world\GitHub\OpenSim\\TRC\pose.trc (34 markers, 2 frames)
Measurement 'pelvis'
	pair 0 (RASI, LASI): model = 0.256928, experimental = 0.267247
	overall scale factor = 1.04016
Measurement 'femur_r'
	pair 0 (RASI, RKNE): model = 0.50488, experimental = 0.498045
	overall scale factor = 0.986462
Measurement 'tibia_r'
	pair 0 (RKNE, RANK): model = 0.389261, experimental = 0.423187
	overall scale factor = 1.08715
Measurement 'patella_r'
	pair 0 (RASI, RKNE): model = 0.50488, experimental = 0.498045
	overall scale factor = 0.986462
Measurement 'talus_r'
	pair 0 (RTOE, RHEE): model = 0.23487, experimental = 0.213843
	overall scale factor = 0.910474
Measurement 'calcn_r'
	pair 0 (RTOE, RHEE): model = 0.23487, experimental = 0.213843
	overall scale factor = 0.910474
Measurement 'toes_r'
	pair 0 (RTOE, RHEE): model = 0.23487, experimental = 0.213843
	overall scale factor = 0.910474
Measurement 'femur_l'
	pair 0 (LASI, LKNE): model = 0.50488, experimental = 0.499378
	overall scale factor = 0.989102
Measurement 'tibia_l'
	pair 0 (LKNE, LANK): model = 0.389261, experimental = 0.406499
	overall scale factor = 1.04428
Measurement 'patella_l'
	pair 0 (LASI, LKNE): model = 0.50488, experimental = 0.499378
	overall scale factor = 0.989102
Measurement 'talus_l'
	pair 0 (LTOE, LHEE): model = 0.221508, experimental = 0.208208
	overall scale factor = 0.939956
Measurement 'calcn_l'
	pair 0 (LTOE, LHEE): model = 0.221508, experimental = 0.208208
	overall scale factor = 0.939956
Measurement 'toes_l'
	pair 0 (LTOE, LHEE): model = 0.221508, experimental = 0.208208
	overall scale factor = 0.939956
Measurement 'torso'
	pair 0 (RSHO, LSHO): model = 0.26, experimental = 0.350863
	overall scale factor = 1.34947
Measurement 'torso'
	pair 0 (T10, CLAV): model = 0.224327, experimental = 0.231028
	overall scale factor = 1.02987
Measurement 'humerus_r'
	pair 0 (RELB, RSHO): model = 0.343613, experimental = 0.333548
	overall scale factor = 0.970709
Measurement 'ulna_r'
	pair 0 (RELB, RWRB): model = 0.250359, experimental = 0.241994
	overall scale factor = 0.96659
Measurement 'radius_r'
	pair 0 (RELB, RWRA): model = 0.245845, experimental = 0.252832
	overall scale factor = 1.02842
Measurement 'hand_r'
	pair 0 (RFIN, RWRA): model = 0.107531, experimental = 0.0810775
	overall scale factor = 0.753989
Measurement 'humerus_l'
	pair 0 (LELB, LSHO): model = 0.343613, experimental = 0.324784
	overall scale factor = 0.945203
Measurement 'ulna_l'
	pair 0 (LELB, LWRB): model = 0.250359, experimental = 0.248836
	overall scale factor = 0.99392
Measurement 'radius_l'
	pair 0 (LELB, LWRA): model = 0.245845, experimental = 0.258801
	overall scale factor = 1.0527
Measurement 'hand_l'
	pair 0 (LFIN, LWRA): model = 0.10965, experimental = 0.0881234
	overall scale factor = 0.803677
Wrote model file D:\Google Drive\Share to the world\GitHub\OpenSim\\FullBodyModel\Subject.osim from model FullBodyModel_MuscleActuatedLowerLimb_TorqueActuatedUpperBody
Wrote scale file D:\Google Drive\Share to the world\GitHub\OpenSim\\XML\scaleFactorSubject.xml for model FullBodyModel_MuscleActuatedLowerLimb_TorqueActuatedUpperBody
Loaded model FullBodyModel_MuscleActuatedLowerLimb_TorqueActuatedUpperBody from file D:\Google Drive\Share to the world\GitHub\OpenSim\\FullBodyModel\Subject.osim
Replaced marker set in model FullBodyModel_MuscleActuatedLowerLimb_TorqueActuatedUpperBody
Loaded marker file D:\Google Drive\Share to the world\GitHub\OpenSim\\TRC\pose.trc (34 markers, 2 frames)

Step 3: Placing markers on model
Loaded marker file D:\Google Drive\Share to the world\GitHub\OpenSim\\TRC\pose.trc (34 markers, 2 frames)
Averaged frames from time 0 to 0.01 in D:\Google Drive\Share to the world\GitHub\OpenSim\\TRC\pose.trc (frames 1 to 2)
Deleted 0 unused markers from model FullBodyModel_MuscleActuatedLowerLimb_TorqueActuatedUpperBody
Frame at (t=0):	total squared error = 0.0875744, marker error: RMS=0.0507515, max=0.194833 (STRN)
Moved markers in model FullBodyModel_MuscleActuatedLowerLimb_TorqueActuatedUpperBody to match locations in marker file D:\Google Drive\Share to the world\GitHub\OpenSim\\TRC\pose.trc
Wrote model file D:\Google Drive\Share to the world\GitHub\OpenSim\\FullBodyModel\SubjectMoved.osim from model FullBodyModel_MuscleActuatedLowerLimb_TorqueActuatedUpperBody
Wrote marker file D:\Google Drive\Share to the world\GitHub\OpenSim\\XML\markersMoved.xml from model FullBodyModel_MuscleActuatedLowerLimb_TorqueActuatedUpperBody
Loaded model FullBodyModel_MuscleActuatedLowerLimb_TorqueActuatedUpperBody from file D:\Google Drive\Share to the world\GitHub\OpenSim\\FullBodyModel\SubjectMoved.osim
